<?xml version="1.0" encoding="UTF-8"?>
<Site BuildName="Linux-g++"
	BuildStamp="20251216-0115-Experimental"
	Name="wander"
	Generator="ctest-3.31.6"
	CompilerName="/nix/store/vr15iyyykg9zai6fpgvhcgyw7gckl78w-gcc-wrapper-14.3.0/bin/g++"
	CompilerVersion="14.3.0"
	OSName="Linux"
	Hostname="wander"
	OSRelease="6.12.51"
	OSVersion="#1-NixOS SMP PREEMPT_DYNAMIC Mon Oct  6 09:17:53 UTC 2025"
	OSPlatform="x86_64"
	Is64Bits="1"
	VendorString="GenuineIntel"
	VendorID="Intel Corporation"
	FamilyID="6"
	ModelID="154"
	ModelName="12th Gen Intel(R) Core(TM) i7-12700H"
	ProcessorCacheSize="24576"
	NumberOfLogicalCPU="20"
	NumberOfPhysicalCPU="14"
	TotalVirtualMemory="34956"
	TotalPhysicalMemory="31778"
	LogicalProcessorsPerPhysical="1"
	ProcessorClockFrequency="518.229"
	>
	<Testing>
		<StartDateTime>Dec 15 21:24 PST</StartDateTime>
		<StartTestTime>1765862661</StartTestTime>
		<TestList/>
		<EndDateTime>Dec 15 21:24 PST</EndDateTime>
		<EndTestTime>1765862661</EndTestTime>
		<ElapsedMinutes>0</ElapsedMinutes>
	</Testing>
</Site>
